{"C:\\Users\\osval\\OneDrive\\Escritorio\\next\\rickandmorty\\app\\page.tsx": {"path":"C:\\Users\\osval\\OneDrive\\Escritorio\\next\\rickandmorty\\app\\page.tsx","statementMap":{"0":{"start":{"line":3,"column":24},"end":{"line":3,"column":null}},"1":{"start":{"line":1,"column":17},"end":{"line":1,"column":null}}},"fnMap":{"0":{"name":"Home","decl":{"start":{"line":3,"column":24},"end":{"line":3,"column":null}},"loc":{"start":{"line":3,"column":24},"end":{"line":17,"column":null}}}},"branchMap":{},"s":{"0":1,"1":1},"f":{"0":1},"b":{}}
,"C:\\Users\\osval\\OneDrive\\Escritorio\\next\\rickandmorty\\app\\components\\index.ts": {"path":"C:\\Users\\osval\\OneDrive\\Escritorio\\next\\rickandmorty\\app\\components\\index.ts","statementMap":{"0":{"start":{"line":1,"column":14},"end":{"line":1,"column":null}},"1":{"start":{"line":2,"column":14},"end":{"line":2,"column":null}},"2":{"start":{"line":3,"column":14},"end":{"line":3,"column":null}},"3":{"start":{"line":4,"column":14},"end":{"line":4,"column":null}},"4":{"start":{"line":5,"column":14},"end":{"line":5,"column":null}},"5":{"start":{"line":6,"column":14},"end":{"line":6,"column":null}},"6":{"start":{"line":7,"column":14},"end":{"line":7,"column":null}}},"fnMap":{},"branchMap":{},"s":{"0":9,"1":9,"2":9,"3":9,"4":9,"5":9,"6":9},"f":{},"b":{}}
,"C:\\Users\\osval\\OneDrive\\Escritorio\\next\\rickandmorty\\app\\components\\ChangeCharacters\\ChangeCharacters.tsx": {"path":"C:\\Users\\osval\\OneDrive\\Escritorio\\next\\rickandmorty\\app\\components\\ChangeCharacters\\ChangeCharacters.tsx","statementMap":{"0":{"start":{"line":5,"column":13},"end":{"line":5,"column":32}},"1":{"start":{"line":1,"column":27},"end":{"line":1,"column":null}},"2":{"start":{"line":2,"column":50},"end":{"line":2,"column":null}},"3":{"start":{"line":3,"column":33},"end":{"line":3,"column":null}},"4":{"start":{"line":5,"column":32},"end":{"line":25,"column":null}},"5":{"start":{"line":6,"column":43},"end":{"line":6,"column":null}},"6":{"start":{"line":11,"column":23},"end":{"line":11,"column":null}},"7":{"start":{"line":19,"column":23},"end":{"line":19,"column":null}}},"fnMap":{"0":{"name":"(anonymous_1)","decl":{"start":{"line":5,"column":32},"end":{"line":5,"column":null}},"loc":{"start":{"line":5,"column":32},"end":{"line":25,"column":null}}},"1":{"name":"(anonymous_2)","decl":{"start":{"line":11,"column":17},"end":{"line":11,"column":23}},"loc":{"start":{"line":11,"column":23},"end":{"line":11,"column":null}}},"2":{"name":"(anonymous_3)","decl":{"start":{"line":19,"column":17},"end":{"line":19,"column":23}},"loc":{"start":{"line":19,"column":23},"end":{"line":19,"column":null}}}},"branchMap":{},"s":{"0":3,"1":9,"2":9,"3":9,"4":9,"5":3,"6":1,"7":1},"f":{"0":3,"1":1,"2":1},"b":{}}
,"C:\\Users\\osval\\OneDrive\\Escritorio\\next\\rickandmorty\\app\\components\\ChangeCharacters\\index.ts": {"path":"C:\\Users\\osval\\OneDrive\\Escritorio\\next\\rickandmorty\\app\\components\\ChangeCharacters\\index.ts","statementMap":{"0":{"start":{"line":1,"column":14},"end":{"line":1,"column":null}}},"fnMap":{},"branchMap":{},"s":{"0":9},"f":{},"b":{}}
,"C:\\Users\\osval\\OneDrive\\Escritorio\\next\\rickandmorty\\app\\components\\CharacterCard\\CharacterCard.tsx": {"path":"C:\\Users\\osval\\OneDrive\\Escritorio\\next\\rickandmorty\\app\\components\\CharacterCard\\CharacterCard.tsx","statementMap":{"0":{"start":{"line":12,"column":13},"end":{"line":12,"column":29}},"1":{"start":{"line":1,"column":37},"end":{"line":1,"column":null}},"2":{"start":{"line":2,"column":18},"end":{"line":2,"column":null}},"3":{"start":{"line":4,"column":33},"end":{"line":4,"column":null}},"4":{"start":{"line":5,"column":22},"end":{"line":5,"column":null}},"5":{"start":{"line":6,"column":27},"end":{"line":6,"column":null}},"6":{"start":{"line":12,"column":29},"end":{"line":37,"column":null}},"7":{"start":{"line":13,"column":28},"end":{"line":13,"column":null}},"8":{"start":{"line":15,"column":4},"end":{"line":15,"column":null}},"9":{"start":{"line":16,"column":30},"end":{"line":16,"column":null}},"10":{"start":{"line":17,"column":26},"end":{"line":17,"column":null}},"11":{"start":{"line":17,"column":32},"end":{"line":17,"column":null}},"12":{"start":{"line":18,"column":26},"end":{"line":22,"column":null}},"13":{"start":{"line":19,"column":4},"end":{"line":20,"column":null}},"14":{"start":{"line":19,"column":16},"end":{"line":19,"column":null}},"15":{"start":{"line":20,"column":9},"end":{"line":20,"column":null}},"16":{"start":{"line":21,"column":4},"end":{"line":21,"column":null}},"17":{"start":{"line":24,"column":2},"end":{"line":25,"column":18}}},"fnMap":{"0":{"name":"(anonymous_2)","decl":{"start":{"line":12,"column":29},"end":{"line":12,"column":30}},"loc":{"start":{"line":12,"column":50},"end":{"line":37,"column":null}}},"1":{"name":"(anonymous_3)","decl":{"start":{"line":17,"column":26},"end":{"line":17,"column":32}},"loc":{"start":{"line":17,"column":32},"end":{"line":17,"column":null}}},"2":{"name":"(anonymous_4)","decl":{"start":{"line":18,"column":26},"end":{"line":18,"column":27}},"loc":{"start":{"line":18,"column":48},"end":{"line":22,"column":null}}}},"branchMap":{"0":{"loc":{"start":{"line":18,"column":27},"end":{"line":18,"column":48}},"type":"default-arg","locations":[{"start":{"line":18,"column":43},"end":{"line":18,"column":48}}]},"1":{"loc":{"start":{"line":19,"column":4},"end":{"line":20,"column":null}},"type":"if","locations":[{"start":{"line":19,"column":4},"end":{"line":20,"column":null}},{"start":{"line":20,"column":9},"end":{"line":20,"column":null}}]},"2":{"loc":{"start":{"line":30,"column":13},"end":{"line":30,"column":27}},"type":"binary-expr","locations":[{"start":{"line":30,"column":13},"end":{"line":30,"column":22}},{"start":{"line":30,"column":22},"end":{"line":30,"column":27}}]}},"s":{"0":2,"1":10,"2":10,"3":10,"4":10,"5":10,"6":10,"7":4,"8":4,"9":4,"10":4,"11":2,"12":4,"13":2,"14":2,"15":0,"16":2,"17":4},"f":{"0":4,"1":2,"2":2},"b":{"0":[0],"1":[2,0],"2":[4,4]}}
,"C:\\Users\\osval\\OneDrive\\Escritorio\\next\\rickandmorty\\app\\components\\CharacterCard\\index.ts": {"path":"C:\\Users\\osval\\OneDrive\\Escritorio\\next\\rickandmorty\\app\\components\\CharacterCard\\index.ts","statementMap":{"0":{"start":{"line":1,"column":14},"end":{"line":1,"column":null}}},"fnMap":{},"branchMap":{},"s":{"0":9},"f":{},"b":{}}
,"C:\\Users\\osval\\OneDrive\\Escritorio\\next\\rickandmorty\\app\\components\\CharacterPresentation\\CharacterPresentation.tsx": {"path":"C:\\Users\\osval\\OneDrive\\Escritorio\\next\\rickandmorty\\app\\components\\CharacterPresentation\\CharacterPresentation.tsx","statementMap":{"0":{"start":{"line":15,"column":13},"end":{"line":15,"column":37}},"1":{"start":{"line":1,"column":18},"end":{"line":1,"column":null}},"2":{"start":{"line":7,"column":7},"end":{"line":7,"column":null}},"3":{"start":{"line":8,"column":33},"end":{"line":8,"column":null}},"4":{"start":{"line":10,"column":39},"end":{"line":10,"column":null}},"5":{"start":{"line":15,"column":37},"end":{"line":33,"column":null}}},"fnMap":{"0":{"name":"(anonymous_2)","decl":{"start":{"line":15,"column":37},"end":{"line":15,"column":38}},"loc":{"start":{"line":15,"column":58},"end":{"line":33,"column":null}}}},"branchMap":{"0":{"loc":{"start":{"line":20,"column":13},"end":{"line":20,"column":38}},"type":"binary-expr","locations":[{"start":{"line":20,"column":13},"end":{"line":20,"column":33}},{"start":{"line":20,"column":33},"end":{"line":20,"column":38}}]},"1":{"loc":{"start":{"line":29,"column":37},"end":{"line":29,"column":65}},"type":"binary-expr","locations":[{"start":{"line":29,"column":37},"end":{"line":29,"column":50}},{"start":{"line":29,"column":50},"end":{"line":29,"column":65}}]}},"s":{"0":2,"1":9,"2":9,"3":9,"4":9,"5":9},"f":{"0":2},"b":{"0":[2,1],"1":[2,0]}}
,"C:\\Users\\osval\\OneDrive\\Escritorio\\next\\rickandmorty\\app\\components\\CharacterPresentation\\DataPresentation.tsx": {"path":"C:\\Users\\osval\\OneDrive\\Escritorio\\next\\rickandmorty\\app\\components\\CharacterPresentation\\DataPresentation.tsx","statementMap":{"0":{"start":{"line":7,"column":13},"end":{"line":7,"column":32}},"1":{"start":{"line":2,"column":56},"end":{"line":2,"column":null}},"2":{"start":{"line":7,"column":32},"end":{"line":36,"column":null}},"3":{"start":{"line":9,"column":4},"end":{"line":9,"column":null}}},"fnMap":{"0":{"name":"(anonymous_1)","decl":{"start":{"line":7,"column":32},"end":{"line":7,"column":33}},"loc":{"start":{"line":7,"column":71},"end":{"line":36,"column":null}}}},"branchMap":{"0":{"loc":{"start":{"line":7,"column":35},"end":{"line":7,"column":62}},"type":"default-arg","locations":[{"start":{"line":7,"column":47},"end":{"line":7,"column":62}}]},"1":{"loc":{"start":{"line":12,"column":11},"end":{"line":12,"column":46}},"type":"binary-expr","locations":[{"start":{"line":12,"column":11},"end":{"line":12,"column":19}},{"start":{"line":12,"column":19},"end":{"line":12,"column":46}}]},"2":{"loc":{"start":{"line":19,"column":15},"end":{"line":19,"column":60}},"type":"binary-expr","locations":[{"start":{"line":19,"column":15},"end":{"line":19,"column":31}},{"start":{"line":19,"column":31},"end":{"line":19,"column":60}}]},"3":{"loc":{"start":{"line":23,"column":15},"end":{"line":23,"column":64}},"type":"binary-expr","locations":[{"start":{"line":23,"column":15},"end":{"line":23,"column":33}},{"start":{"line":23,"column":33},"end":{"line":23,"column":64}}]},"4":{"loc":{"start":{"line":27,"column":15},"end":{"line":27,"column":54}},"type":"binary-expr","locations":[{"start":{"line":27,"column":15},"end":{"line":27,"column":25}},{"start":{"line":27,"column":25},"end":{"line":27,"column":54}}]}},"s":{"0":2,"1":8,"2":8,"3":2},"f":{"0":2},"b":{"0":[0],"1":[2,1],"2":[2,2],"3":[2,2],"4":[2,0]}}
,"C:\\Users\\osval\\OneDrive\\Escritorio\\next\\rickandmorty\\app\\components\\CharacterPresentation\\StatusCharacter.tsx": {"path":"C:\\Users\\osval\\OneDrive\\Escritorio\\next\\rickandmorty\\app\\components\\CharacterPresentation\\StatusCharacter.tsx","statementMap":{"0":{"start":{"line":4,"column":13},"end":{"line":4,"column":31}},"1":{"start":{"line":4,"column":31},"end":{"line":16,"column":null}}},"fnMap":{"0":{"name":"(anonymous_1)","decl":{"start":{"line":4,"column":31},"end":{"line":4,"column":32}},"loc":{"start":{"line":4,"column":61},"end":{"line":16,"column":null}}}},"branchMap":{"0":{"loc":{"start":{"line":4,"column":34},"end":{"line":4,"column":52}},"type":"default-arg","locations":[{"start":{"line":4,"column":43},"end":{"line":4,"column":52}}]}},"s":{"0":2,"1":8},"f":{"0":2},"b":{"0":[0]}}
,"C:\\Users\\osval\\OneDrive\\Escritorio\\next\\rickandmorty\\app\\components\\CharacterPresentation\\index.ts": {"path":"C:\\Users\\osval\\OneDrive\\Escritorio\\next\\rickandmorty\\app\\components\\CharacterPresentation\\index.ts","statementMap":{"0":{"start":{"line":1,"column":14},"end":{"line":1,"column":null}},"1":{"start":{"line":2,"column":14},"end":{"line":2,"column":null}},"2":{"start":{"line":3,"column":14},"end":{"line":3,"column":null}}},"fnMap":{},"branchMap":{},"s":{"0":9,"1":9,"2":9},"f":{},"b":{}}
,"C:\\Users\\osval\\OneDrive\\Escritorio\\next\\rickandmorty\\app\\components\\FavoritesTab\\FavoritesTab.tsx": {"path":"C:\\Users\\osval\\OneDrive\\Escritorio\\next\\rickandmorty\\app\\components\\FavoritesTab\\FavoritesTab.tsx","statementMap":{"0":{"start":{"line":6,"column":13},"end":{"line":6,"column":28}},"1":{"start":{"line":1,"column":33},"end":{"line":1,"column":null}},"2":{"start":{"line":2,"column":27},"end":{"line":2,"column":null}},"3":{"start":{"line":6,"column":28},"end":{"line":42,"column":null}},"4":{"start":{"line":7,"column":24},"end":{"line":7,"column":null}},"5":{"start":{"line":13,"column":12},"end":{"line":14,"column":null}}},"fnMap":{"0":{"name":"(anonymous_1)","decl":{"start":{"line":6,"column":28},"end":{"line":6,"column":29}},"loc":{"start":{"line":6,"column":42},"end":{"line":42,"column":null}}},"1":{"name":"(anonymous_2)","decl":{"start":{"line":12,"column":25},"end":{"line":12,"column":26}},"loc":{"start":{"line":13,"column":12},"end":{"line":14,"column":null}}}},"branchMap":{"0":{"loc":{"start":{"line":25,"column":11},"end":{"line":25,"column":28}},"type":"binary-expr","locations":[{"start":{"line":25,"column":11},"end":{"line":25,"column":28}}]}},"s":{"0":3,"1":10,"2":10,"3":10,"4":3,"5":0},"f":{"0":3,"1":0},"b":{"0":[3]}}
,"C:\\Users\\osval\\OneDrive\\Escritorio\\next\\rickandmorty\\app\\components\\FavoritesTab\\index.ts": {"path":"C:\\Users\\osval\\OneDrive\\Escritorio\\next\\rickandmorty\\app\\components\\FavoritesTab\\index.ts","statementMap":{"0":{"start":{"line":1,"column":14},"end":{"line":1,"column":null}}},"fnMap":{},"branchMap":{},"s":{"0":9},"f":{},"b":{}}
,"C:\\Users\\osval\\OneDrive\\Escritorio\\next\\rickandmorty\\app\\components\\Form\\Form.tsx": {"path":"C:\\Users\\osval\\OneDrive\\Escritorio\\next\\rickandmorty\\app\\components\\Form\\Form.tsx","statementMap":{"0":{"start":{"line":1,"column":13},"end":{"line":1,"column":20}},"1":{"start":{"line":1,"column":20},"end":{"line":9,"column":null}}},"fnMap":{"0":{"name":"(anonymous_1)","decl":{"start":{"line":1,"column":20},"end":{"line":1,"column":21}},"loc":{"start":{"line":1,"column":64},"end":{"line":9,"column":null}}}},"branchMap":{},"s":{"0":2,"1":9},"f":{"0":2},"b":{}}
,"C:\\Users\\osval\\OneDrive\\Escritorio\\next\\rickandmorty\\app\\components\\Form\\index.ts": {"path":"C:\\Users\\osval\\OneDrive\\Escritorio\\next\\rickandmorty\\app\\components\\Form\\index.ts","statementMap":{"0":{"start":{"line":1,"column":14},"end":{"line":1,"column":null}}},"fnMap":{},"branchMap":{},"s":{"0":9},"f":{},"b":{}}
,"C:\\Users\\osval\\OneDrive\\Escritorio\\next\\rickandmorty\\app\\components\\General\\InputSearch.tsx": {"path":"C:\\Users\\osval\\OneDrive\\Escritorio\\next\\rickandmorty\\app\\components\\General\\InputSearch.tsx","statementMap":{"0":{"start":{"line":5,"column":13},"end":{"line":5,"column":27}},"1":{"start":{"line":1,"column":27},"end":{"line":1,"column":null}},"2":{"start":{"line":2,"column":33},"end":{"line":2,"column":null}},"3":{"start":{"line":3,"column":27},"end":{"line":3,"column":null}},"4":{"start":{"line":5,"column":27},"end":{"line":23,"column":null}},"5":{"start":{"line":6,"column":28},"end":{"line":6,"column":null}},"6":{"start":{"line":7,"column":27},"end":{"line":7,"column":null}},"7":{"start":{"line":7,"column":45},"end":{"line":7,"column":null}},"8":{"start":{"line":18,"column":31},"end":{"line":18,"column":null}}},"fnMap":{"0":{"name":"(anonymous_1)","decl":{"start":{"line":5,"column":27},"end":{"line":5,"column":null}},"loc":{"start":{"line":5,"column":27},"end":{"line":23,"column":null}}},"1":{"name":"(anonymous_2)","decl":{"start":{"line":7,"column":27},"end":{"line":7,"column":28}},"loc":{"start":{"line":7,"column":45},"end":{"line":7,"column":null}}},"2":{"name":"(anonymous_3)","decl":{"start":{"line":18,"column":20},"end":{"line":18,"column":21}},"loc":{"start":{"line":18,"column":31},"end":{"line":18,"column":null}}}},"branchMap":{},"s":{"0":2,"1":10,"2":10,"3":10,"4":10,"5":2,"6":2,"7":0,"8":0},"f":{"0":2,"1":0,"2":0},"b":{}}
,"C:\\Users\\osval\\OneDrive\\Escritorio\\next\\rickandmorty\\app\\components\\General\\LikeButton.tsx": {"path":"C:\\Users\\osval\\OneDrive\\Escritorio\\next\\rickandmorty\\app\\components\\General\\LikeButton.tsx","statementMap":{"0":{"start":{"line":6,"column":13},"end":{"line":6,"column":26}},"1":{"start":{"line":1,"column":26},"end":{"line":1,"column":null}},"2":{"start":{"line":6,"column":26},"end":{"line":16,"column":null}},"3":{"start":{"line":7,"column":23},"end":{"line":7,"column":null}},"4":{"start":{"line":7,"column":30},"end":{"line":7,"column":null}},"5":{"start":{"line":10,"column":42},"end":{"line":10,"column":null}}},"fnMap":{"0":{"name":"(anonymous_1)","decl":{"start":{"line":6,"column":26},"end":{"line":6,"column":27}},"loc":{"start":{"line":6,"column":71},"end":{"line":16,"column":null}}},"1":{"name":"(anonymous_2)","decl":{"start":{"line":7,"column":23},"end":{"line":7,"column":30}},"loc":{"start":{"line":7,"column":30},"end":{"line":7,"column":null}}},"2":{"name":"(anonymous_3)","decl":{"start":{"line":10,"column":36},"end":{"line":10,"column":42}},"loc":{"start":{"line":10,"column":42},"end":{"line":10,"column":null}}}},"branchMap":{"0":{"loc":{"start":{"line":6,"column":29},"end":{"line":6,"column":44}},"type":"default-arg","locations":[{"start":{"line":6,"column":39},"end":{"line":6,"column":44}}]},"1":{"loc":{"start":{"line":7,"column":30},"end":{"line":7,"column":null}},"type":"cond-expr","locations":[{"start":{"line":7,"column":40},"end":{"line":7,"column":49}},{"start":{"line":7,"column":49},"end":{"line":7,"column":null}}]}},"s":{"0":2,"1":9,"2":9,"3":2,"4":4,"5":0},"f":{"0":2,"1":4,"2":0},"b":{"0":[0],"1":[2,2]}}
,"C:\\Users\\osval\\OneDrive\\Escritorio\\next\\rickandmorty\\app\\components\\General\\Logo.tsx": {"path":"C:\\Users\\osval\\OneDrive\\Escritorio\\next\\rickandmorty\\app\\components\\General\\Logo.tsx","statementMap":{"0":{"start":{"line":5,"column":13},"end":{"line":5,"column":20}},"1":{"start":{"line":1,"column":18},"end":{"line":1,"column":null}},"2":{"start":{"line":3,"column":22},"end":{"line":3,"column":null}},"3":{"start":{"line":5,"column":20},"end":{"line":11,"column":null}}},"fnMap":{"0":{"name":"(anonymous_2)","decl":{"start":{"line":5,"column":20},"end":{"line":5,"column":null}},"loc":{"start":{"line":5,"column":20},"end":{"line":11,"column":null}}}},"branchMap":{},"s":{"0":2,"1":10,"2":10,"3":10},"f":{"0":2},"b":{}}
,"C:\\Users\\osval\\OneDrive\\Escritorio\\next\\rickandmorty\\app\\components\\General\\index.ts": {"path":"C:\\Users\\osval\\OneDrive\\Escritorio\\next\\rickandmorty\\app\\components\\General\\index.ts","statementMap":{"0":{"start":{"line":1,"column":14},"end":{"line":1,"column":null}},"1":{"start":{"line":2,"column":14},"end":{"line":2,"column":null}},"2":{"start":{"line":3,"column":14},"end":{"line":3,"column":null}}},"fnMap":{},"branchMap":{},"s":{"0":10,"1":10,"2":10},"f":{},"b":{}}
,"C:\\Users\\osval\\OneDrive\\Escritorio\\next\\rickandmorty\\app\\components\\Scroll\\Scroll.tsx": {"path":"C:\\Users\\osval\\OneDrive\\Escritorio\\next\\rickandmorty\\app\\components\\Scroll\\Scroll.tsx","statementMap":{"0":{"start":{"line":9,"column":13},"end":{"line":9,"column":22}},"1":{"start":{"line":1,"column":42},"end":{"line":1,"column":null}},"2":{"start":{"line":2,"column":34},"end":{"line":2,"column":null}},"3":{"start":{"line":3,"column":26},"end":{"line":3,"column":null}},"4":{"start":{"line":4,"column":47},"end":{"line":4,"column":null}},"5":{"start":{"line":9,"column":22},"end":{"line":35,"column":null}},"6":{"start":{"line":10,"column":23},"end":{"line":10,"column":40}},"7":{"start":{"line":11,"column":30},"end":{"line":11,"column":null}},"8":{"start":{"line":17,"column":23},"end":{"line":17,"column":null}},"9":{"start":{"line":29,"column":23},"end":{"line":29,"column":null}}},"fnMap":{"0":{"name":"(anonymous_1)","decl":{"start":{"line":9,"column":22},"end":{"line":9,"column":23}},"loc":{"start":{"line":9,"column":42},"end":{"line":35,"column":null}}},"1":{"name":"(anonymous_2)","decl":{"start":{"line":17,"column":17},"end":{"line":17,"column":23}},"loc":{"start":{"line":17,"column":23},"end":{"line":17,"column":null}}},"2":{"name":"(anonymous_3)","decl":{"start":{"line":29,"column":17},"end":{"line":29,"column":23}},"loc":{"start":{"line":29,"column":23},"end":{"line":29,"column":null}}}},"branchMap":{},"s":{"0":2,"1":9,"2":9,"3":9,"4":9,"5":9,"6":2,"7":2,"8":0,"9":0},"f":{"0":2,"1":0,"2":0},"b":{}}
,"C:\\Users\\osval\\OneDrive\\Escritorio\\next\\rickandmorty\\app\\components\\Scroll\\index.ts": {"path":"C:\\Users\\osval\\OneDrive\\Escritorio\\next\\rickandmorty\\app\\components\\Scroll\\index.ts","statementMap":{"0":{"start":{"line":1,"column":14},"end":{"line":1,"column":null}}},"fnMap":{},"branchMap":{},"s":{"0":9},"f":{},"b":{}}
,"C:\\Users\\osval\\OneDrive\\Escritorio\\next\\rickandmorty\\app\\constants\\api.ts": {"path":"C:\\Users\\osval\\OneDrive\\Escritorio\\next\\rickandmorty\\app\\constants\\api.ts","statementMap":{"0":{"start":{"line":1,"column":13},"end":{"line":1,"column":19}},"1":{"start":{"line":1,"column":19},"end":{"line":1,"column":null}}},"fnMap":{},"branchMap":{},"s":{"0":4,"1":14},"f":{},"b":{}}
,"C:\\Users\\osval\\OneDrive\\Escritorio\\next\\rickandmorty\\app\\constants\\character.ts": {"path":"C:\\Users\\osval\\OneDrive\\Escritorio\\next\\rickandmorty\\app\\constants\\character.ts","statementMap":{"0":{"start":{"line":6,"column":13},"end":{"line":6,"column":42}},"1":{"start":{"line":20,"column":13},"end":{"line":20,"column":null}},"2":{"start":{"line":22,"column":18},"end":{"line":22,"column":null}},"3":{"start":{"line":2,"column":19},"end":{"line":5,"column":null}},"4":{"start":{"line":6,"column":42},"end":{"line":19,"column":null}},"5":{"start":{"line":21,"column":2},"end":{"line":21,"column":null}}},"fnMap":{},"branchMap":{},"s":{"0":32,"1":5,"2":19,"3":14,"4":14,"5":14},"f":{},"b":{}}
,"C:\\Users\\osval\\OneDrive\\Escritorio\\next\\rickandmorty\\app\\constants\\containers.ts": {"path":"C:\\Users\\osval\\OneDrive\\Escritorio\\next\\rickandmorty\\app\\constants\\containers.ts","statementMap":{"0":{"start":{"line":1,"column":13},"end":{"line":1,"column":41}},"1":{"start":{"line":1,"column":41},"end":{"line":1,"column":null}}},"fnMap":{},"branchMap":{},"s":{"0":4,"1":14},"f":{},"b":{}}
,"C:\\Users\\osval\\OneDrive\\Escritorio\\next\\rickandmorty\\app\\constants\\general.ts": {"path":"C:\\Users\\osval\\OneDrive\\Escritorio\\next\\rickandmorty\\app\\constants\\general.ts","statementMap":{"0":{"start":{"line":1,"column":13},"end":{"line":1,"column":28}},"1":{"start":{"line":1,"column":28},"end":{"line":1,"column":null}}},"fnMap":{},"branchMap":{},"s":{"0":0,"1":14},"f":{},"b":{}}
,"C:\\Users\\osval\\OneDrive\\Escritorio\\next\\rickandmorty\\app\\constants\\index.ts": {"path":"C:\\Users\\osval\\OneDrive\\Escritorio\\next\\rickandmorty\\app\\constants\\index.ts","statementMap":{"0":{"start":{"line":1,"column":14},"end":{"line":1,"column":null}},"1":{"start":{"line":2,"column":14},"end":{"line":2,"column":null}},"2":{"start":{"line":3,"column":14},"end":{"line":3,"column":null}},"3":{"start":{"line":4,"column":14},"end":{"line":4,"column":null}},"4":{"start":{"line":5,"column":14},"end":{"line":5,"column":null}}},"fnMap":{},"branchMap":{},"s":{"0":14,"1":14,"2":14,"3":14,"4":14},"f":{},"b":{}}
,"C:\\Users\\osval\\OneDrive\\Escritorio\\next\\rickandmorty\\app\\constants\\scroll.ts": {"path":"C:\\Users\\osval\\OneDrive\\Escritorio\\next\\rickandmorty\\app\\constants\\scroll.ts","statementMap":{"0":{"start":{"line":1,"column":13},"end":{"line":1,"column":24}},"1":{"start":{"line":1,"column":24},"end":{"line":1,"column":null}}},"fnMap":{},"branchMap":{},"s":{"0":0,"1":14},"f":{},"b":{}}
,"C:\\Users\\osval\\OneDrive\\Escritorio\\next\\rickandmorty\\app\\contexts\\character.context.tsx": {"path":"C:\\Users\\osval\\OneDrive\\Escritorio\\next\\rickandmorty\\app\\contexts\\character.context.tsx","statementMap":{"0":{"start":{"line":16,"column":13},"end":{"line":16,"column":32}},"1":{"start":{"line":31,"column":13},"end":{"line":31,"column":33}},"2":{"start":{"line":2,"column":56},"end":{"line":2,"column":null}},"3":{"start":{"line":7,"column":32},"end":{"line":7,"column":null}},"4":{"start":{"line":9,"column":30},"end":{"line":9,"column":null}},"5":{"start":{"line":14,"column":33},"end":{"line":14,"column":48}},"6":{"start":{"line":16,"column":32},"end":{"line":30,"column":null}},"7":{"start":{"line":31,"column":33},"end":{"line":130,"column":null}},"8":{"start":{"line":32,"column":38},"end":{"line":32,"column":null}},"9":{"start":{"line":33,"column":36},"end":{"line":33,"column":null}},"10":{"start":{"line":35,"column":36},"end":{"line":35,"column":null}},"11":{"start":{"line":36,"column":32},"end":{"line":36,"column":null}},"12":{"start":{"line":37,"column":31},"end":{"line":37,"column":null}},"13":{"start":{"line":39,"column":23},"end":{"line":44,"column":null}},"14":{"start":{"line":40,"column":4},"end":{"line":40,"column":null}},"15":{"start":{"line":41,"column":4},"end":{"line":41,"column":null}},"16":{"start":{"line":42,"column":4},"end":{"line":42,"column":null}},"17":{"start":{"line":43,"column":4},"end":{"line":43,"column":null}},"18":{"start":{"line":45,"column":24},"end":{"line":57,"column":null}},"19":{"start":{"line":48,"column":4},"end":{"line":48,"column":null}},"20":{"start":{"line":49,"column":4},"end":{"line":56,"column":null}},"21":{"start":{"line":50,"column":23},"end":{"line":50,"column":null}},"22":{"start":{"line":51,"column":6},"end":{"line":51,"column":null}},"23":{"start":{"line":53,"column":6},"end":{"line":53,"column":null}},"24":{"start":{"line":55,"column":6},"end":{"line":55,"column":null}},"25":{"start":{"line":58,"column":23},"end":{"line":61,"column":null}},"26":{"start":{"line":59,"column":17},"end":{"line":59,"column":null}},"27":{"start":{"line":59,"column":39},"end":{"line":59,"column":68}},"28":{"start":{"line":60,"column":4},"end":{"line":60,"column":null}},"29":{"start":{"line":60,"column":15},"end":{"line":60,"column":null}},"30":{"start":{"line":60,"column":38},"end":{"line":60,"column":null}},"31":{"start":{"line":62,"column":26},"end":{"line":64,"column":null}},"32":{"start":{"line":63,"column":4},"end":{"line":63,"column":null}},"33":{"start":{"line":63,"column":27},"end":{"line":63,"column":null}},"34":{"start":{"line":63,"column":46},"end":{"line":63,"column":null}},"35":{"start":{"line":65,"column":24},"end":{"line":79,"column":null}},"36":{"start":{"line":66,"column":4},"end":{"line":66,"column":null}},"37":{"start":{"line":66,"column":28},"end":{"line":66,"column":null}},"38":{"start":{"line":67,"column":4},"end":{"line":78,"column":null}},"39":{"start":{"line":68,"column":20},"end":{"line":68,"column":null}},"40":{"start":{"line":68,"column":48},"end":{"line":68,"column":69}},"41":{"start":{"line":69,"column":6},"end":{"line":75,"column":null}},"42":{"start":{"line":74,"column":8},"end":{"line":74,"column":null}},"43":{"start":{"line":77,"column":6},"end":{"line":77,"column":null}},"44":{"start":{"line":80,"column":24},"end":{"line":90,"column":null}},"45":{"start":{"line":81,"column":4},"end":{"line":81,"column":null}},"46":{"start":{"line":81,"column":28},"end":{"line":81,"column":null}},"47":{"start":{"line":82,"column":4},"end":{"line":89,"column":null}},"48":{"start":{"line":83,"column":20},"end":{"line":83,"column":null}},"49":{"start":{"line":83,"column":48},"end":{"line":83,"column":69}},"50":{"start":{"line":84,"column":6},"end":{"line":86,"column":null}},"51":{"start":{"line":85,"column":8},"end":{"line":85,"column":null}},"52":{"start":{"line":88,"column":6},"end":{"line":88,"column":null}},"53":{"start":{"line":92,"column":24},"end":{"line":122,"column":null}},"54":{"start":{"line":93,"column":11},"end":{"line":107,"column":null}}},"fnMap":{"0":{"name":"(anonymous_6)","decl":{"start":{"line":20,"column":16},"end":{"line":20,"column":23}},"loc":{"start":{"line":20,"column":16},"end":{"line":20,"column":null}}},"1":{"name":"(anonymous_7)","decl":{"start":{"line":21,"column":14},"end":{"line":21,"column":21}},"loc":{"start":{"line":21,"column":14},"end":{"line":21,"column":null}}},"2":{"name":"(anonymous_8)","decl":{"start":{"line":22,"column":16},"end":{"line":22,"column":23}},"loc":{"start":{"line":22,"column":16},"end":{"line":22,"column":null}}},"3":{"name":"(anonymous_9)","decl":{"start":{"line":23,"column":17},"end":{"line":23,"column":45}},"loc":{"start":{"line":23,"column":17},"end":{"line":23,"column":null}}},"4":{"name":"(anonymous_10)","decl":{"start":{"line":25,"column":19},"end":{"line":25,"column":26}},"loc":{"start":{"line":25,"column":19},"end":{"line":25,"column":null}}},"5":{"name":"(anonymous_11)","decl":{"start":{"line":26,"column":16},"end":{"line":26,"column":23}},"loc":{"start":{"line":26,"column":16},"end":{"line":26,"column":null}}},"6":{"name":"(anonymous_12)","decl":{"start":{"line":27,"column":17},"end":{"line":27,"column":24}},"loc":{"start":{"line":27,"column":17},"end":{"line":27,"column":null}}},"7":{"name":"(anonymous_13)","decl":{"start":{"line":28,"column":17},"end":{"line":28,"column":24}},"loc":{"start":{"line":28,"column":17},"end":{"line":28,"column":null}}},"8":{"name":"(anonymous_14)","decl":{"start":{"line":29,"column":17},"end":{"line":29,"column":24}},"loc":{"start":{"line":29,"column":17},"end":{"line":29,"column":null}}},"9":{"name":"(anonymous_15)","decl":{"start":{"line":31,"column":33},"end":{"line":31,"column":34}},"loc":{"start":{"line":31,"column":53},"end":{"line":130,"column":null}}},"10":{"name":"(anonymous_16)","decl":{"start":{"line":39,"column":23},"end":{"line":39,"column":null}},"loc":{"start":{"line":39,"column":23},"end":{"line":44,"column":null}}},"11":{"name":"(anonymous_17)","decl":{"start":{"line":45,"column":24},"end":{"line":45,"column":null}},"loc":{"start":{"line":46,"column":4},"end":{"line":57,"column":null}}},"12":{"name":"(anonymous_18)","decl":{"start":{"line":58,"column":23},"end":{"line":58,"column":24}},"loc":{"start":{"line":58,"column":24},"end":{"line":61,"column":null}}},"13":{"name":"(anonymous_19)","decl":{"start":{"line":59,"column":32},"end":{"line":59,"column":33}},"loc":{"start":{"line":59,"column":39},"end":{"line":59,"column":68}}},"14":{"name":"(anonymous_20)","decl":{"start":{"line":60,"column":28},"end":{"line":60,"column":29}},"loc":{"start":{"line":60,"column":38},"end":{"line":60,"column":null}}},"15":{"name":"(anonymous_21)","decl":{"start":{"line":62,"column":26},"end":{"line":62,"column":27}},"loc":{"start":{"line":62,"column":27},"end":{"line":64,"column":null}}},"16":{"name":"(anonymous_22)","decl":{"start":{"line":63,"column":17},"end":{"line":63,"column":18}},"loc":{"start":{"line":63,"column":27},"end":{"line":63,"column":null}}},"17":{"name":"(anonymous_23)","decl":{"start":{"line":63,"column":39},"end":{"line":63,"column":40}},"loc":{"start":{"line":63,"column":46},"end":{"line":63,"column":null}}},"18":{"name":"(anonymous_24)","decl":{"start":{"line":65,"column":24},"end":{"line":65,"column":null}},"loc":{"start":{"line":65,"column":24},"end":{"line":79,"column":null}}},"19":{"name":"(anonymous_25)","decl":{"start":{"line":68,"column":41},"end":{"line":68,"column":42}},"loc":{"start":{"line":68,"column":48},"end":{"line":68,"column":69}}},"20":{"name":"(anonymous_26)","decl":{"start":{"line":80,"column":24},"end":{"line":80,"column":null}},"loc":{"start":{"line":80,"column":24},"end":{"line":90,"column":null}}},"21":{"name":"(anonymous_27)","decl":{"start":{"line":83,"column":41},"end":{"line":83,"column":42}},"loc":{"start":{"line":83,"column":48},"end":{"line":83,"column":69}}},"22":{"name":"(anonymous_28)","decl":{"start":{"line":93,"column":4},"end":{"line":93,"column":11}},"loc":{"start":{"line":93,"column":11},"end":{"line":107,"column":null}}}},"branchMap":{"0":{"loc":{"start":{"line":60,"column":4},"end":{"line":60,"column":null}},"type":"if","locations":[{"start":{"line":60,"column":4},"end":{"line":60,"column":null}},{"start":{},"end":{}}]},"1":{"loc":{"start":{"line":66,"column":4},"end":{"line":66,"column":null}},"type":"if","locations":[{"start":{"line":66,"column":4},"end":{"line":66,"column":null}},{"start":{},"end":{}}]},"2":{"loc":{"start":{"line":67,"column":4},"end":{"line":78,"column":null}},"type":"if","locations":[{"start":{"line":67,"column":4},"end":{"line":78,"column":null}},{"start":{"line":76,"column":11},"end":{"line":78,"column":null}}]},"3":{"loc":{"start":{"line":69,"column":6},"end":{"line":75,"column":null}},"type":"if","locations":[{"start":{"line":69,"column":6},"end":{"line":75,"column":null}},{"start":{},"end":{}}]},"4":{"loc":{"start":{"line":70,"column":8},"end":{"line":72,"column":null}},"type":"binary-expr","locations":[{"start":{"line":70,"column":8},"end":{"line":70,"column":null}},{"start":{"line":71,"column":8},"end":{"line":71,"column":33}},{"start":{"line":72,"column":8},"end":{"line":72,"column":null}}]},"5":{"loc":{"start":{"line":81,"column":4},"end":{"line":81,"column":null}},"type":"if","locations":[{"start":{"line":81,"column":4},"end":{"line":81,"column":null}},{"start":{},"end":{}}]},"6":{"loc":{"start":{"line":82,"column":4},"end":{"line":89,"column":null}},"type":"if","locations":[{"start":{"line":82,"column":4},"end":{"line":89,"column":null}},{"start":{"line":87,"column":11},"end":{"line":89,"column":null}}]},"7":{"loc":{"start":{"line":84,"column":6},"end":{"line":86,"column":null}},"type":"if","locations":[{"start":{"line":84,"column":6},"end":{"line":86,"column":null}},{"start":{},"end":{}}]},"8":{"loc":{"start":{"line":84,"column":10},"end":{"line":84,"column":69}},"type":"binary-expr","locations":[{"start":{"line":84,"column":10},"end":{"line":84,"column":24}},{"start":{"line":84,"column":24},"end":{"line":84,"column":49}},{"start":{"line":84,"column":53},"end":{"line":84,"column":69}}]}},"s":{"0":40,"1":7,"2":13,"3":13,"4":13,"5":13,"6":13,"7":13,"8":21,"9":21,"10":21,"11":21,"12":21,"13":21,"14":1,"15":1,"16":1,"17":1,"18":21,"19":2,"20":2,"21":2,"22":2,"23":1,"24":2,"25":21,"26":3,"27":1,"28":3,"29":2,"30":2,"31":21,"32":1,"33":1,"34":1,"35":21,"36":5,"37":1,"38":4,"39":3,"40":6,"41":3,"42":2,"43":1,"44":21,"45":5,"46":1,"47":4,"48":3,"49":6,"50":3,"51":2,"52":1,"53":21,"54":21},"f":{"0":0,"1":0,"2":0,"3":0,"4":0,"5":0,"6":0,"7":0,"8":0,"9":21,"10":1,"11":2,"12":3,"13":1,"14":2,"15":1,"16":1,"17":1,"18":5,"19":6,"20":5,"21":6,"22":21},"b":{"0":[2,1],"1":[1,4],"2":[3,1],"3":[2,1],"4":[3,3,3],"5":[1,4],"6":[3,1],"7":[2,1],"8":[3,3,3]}}
,"C:\\Users\\osval\\OneDrive\\Escritorio\\next\\rickandmorty\\app\\contexts\\index.ts": {"path":"C:\\Users\\osval\\OneDrive\\Escritorio\\next\\rickandmorty\\app\\contexts\\index.ts","statementMap":{"0":{"start":{"line":1,"column":14},"end":{"line":1,"column":null}}},"fnMap":{},"branchMap":{},"s":{"0":13},"f":{},"b":{}}
,"C:\\Users\\osval\\OneDrive\\Escritorio\\next\\rickandmorty\\app\\enums\\characters.ts": {"path":"C:\\Users\\osval\\OneDrive\\Escritorio\\next\\rickandmorty\\app\\enums\\characters.ts","statementMap":{"0":{"start":{"line":1,"column":12},"end":{"line":1,"column":null}},"1":{"start":{"line":12,"column":12},"end":{"line":12,"column":null}},"2":{"start":{"line":17,"column":12},"end":{"line":17,"column":null}}},"fnMap":{},"branchMap":{},"s":{"0":12,"1":12,"2":12},"f":{},"b":{}}
,"C:\\Users\\osval\\OneDrive\\Escritorio\\next\\rickandmorty\\app\\enums\\index.ts": {"path":"C:\\Users\\osval\\OneDrive\\Escritorio\\next\\rickandmorty\\app\\enums\\index.ts","statementMap":{"0":{"start":{"line":1,"column":14},"end":{"line":1,"column":null}},"1":{"start":{"line":2,"column":14},"end":{"line":2,"column":null}}},"fnMap":{},"branchMap":{},"s":{"0":12,"1":12},"f":{},"b":{}}
,"C:\\Users\\osval\\OneDrive\\Escritorio\\next\\rickandmorty\\app\\enums\\scroll.enum.ts": {"path":"C:\\Users\\osval\\OneDrive\\Escritorio\\next\\rickandmorty\\app\\enums\\scroll.enum.ts","statementMap":{"0":{"start":{"line":1,"column":12},"end":{"line":1,"column":null}}},"fnMap":{},"branchMap":{},"s":{"0":14},"f":{},"b":{}}
,"C:\\Users\\osval\\OneDrive\\Escritorio\\next\\rickandmorty\\app\\exam\\page.tsx": {"path":"C:\\Users\\osval\\OneDrive\\Escritorio\\next\\rickandmorty\\app\\exam\\page.tsx","statementMap":{"0":{"start":{"line":54,"column":0},"end":{"line":54,"column":15}},"1":{"start":{"line":2,"column":38},"end":{"line":2,"column":null}},"2":{"start":{"line":4,"column":33},"end":{"line":4,"column":null}},"3":{"start":{"line":13,"column":7},"end":{"line":13,"column":null}},"4":{"start":{"line":14,"column":32},"end":{"line":14,"column":null}},"5":{"start":{"line":16,"column":13},"end":{"line":52,"column":null}},"6":{"start":{"line":18,"column":4},"end":{"line":18,"column":null}},"7":{"start":{"line":20,"column":2},"end":{"line":26,"column":null}},"8":{"start":{"line":21,"column":4},"end":{"line":21,"column":null}},"9":{"start":{"line":23,"column":4},"end":{"line":25,"column":null}},"10":{"start":{"line":24,"column":6},"end":{"line":24,"column":null}},"11":{"start":{"line":41,"column":14},"end":{"line":41,"column":null}},"12":{"start":{"line":54,"column":15},"end":{"line":54,"column":null}}},"fnMap":{"0":{"name":"(anonymous_1)","decl":{"start":{"line":16,"column":13},"end":{"line":16,"column":null}},"loc":{"start":{"line":16,"column":13},"end":{"line":52,"column":null}}},"1":{"name":"(anonymous_2)","decl":{"start":{"line":20,"column":12},"end":{"line":20,"column":null}},"loc":{"start":{"line":20,"column":12},"end":{"line":26,"column":5}}},"2":{"name":"(anonymous_3)","decl":{"start":{"line":23,"column":11},"end":{"line":23,"column":null}},"loc":{"start":{"line":23,"column":11},"end":{"line":25,"column":null}}},"3":{"name":"(anonymous_4)","decl":{"start":{"line":40,"column":28},"end":{"line":40,"column":29}},"loc":{"start":{"line":41,"column":14},"end":{"line":41,"column":null}}}},"branchMap":{"0":{"loc":{"start":{"line":35,"column":42},"end":{"line":35,"column":70}},"type":"binary-expr","locations":[{"start":{"line":35,"column":42},"end":{"line":35,"column":55}},{"start":{"line":35,"column":55},"end":{"line":35,"column":70}}]},"1":{"loc":{"start":{"line":43,"column":13},"end":{"line":43,"column":31}},"type":"binary-expr","locations":[{"start":{"line":43,"column":13},"end":{"line":43,"column":31}}]},"2":{"loc":{"start":{"line":44,"column":13},"end":{"line":44,"column":24}},"type":"binary-expr","locations":[{"start":{"line":44,"column":13},"end":{"line":44,"column":24}}]}},"s":{"0":1,"1":1,"2":1,"3":1,"4":1,"5":1,"6":1,"7":1,"8":1,"9":1,"10":1,"11":1,"12":1},"f":{"0":1,"1":1,"2":1,"3":1},"b":{"0":[1,1],"1":[1],"2":[1]}}
,"C:\\Users\\osval\\OneDrive\\Escritorio\\next\\rickandmorty\\app\\hooks\\index.ts": {"path":"C:\\Users\\osval\\OneDrive\\Escritorio\\next\\rickandmorty\\app\\hooks\\index.ts","statementMap":{"0":{"start":{"line":1,"column":14},"end":{"line":1,"column":null}},"1":{"start":{"line":2,"column":14},"end":{"line":2,"column":null}}},"fnMap":{},"branchMap":{},"s":{"0":12,"1":12},"f":{},"b":{}}
,"C:\\Users\\osval\\OneDrive\\Escritorio\\next\\rickandmorty\\app\\hooks\\useCharacters.ts": {"path":"C:\\Users\\osval\\OneDrive\\Escritorio\\next\\rickandmorty\\app\\hooks\\useCharacters.ts","statementMap":{"0":{"start":{"line":4,"column":13},"end":{"line":4,"column":29}},"1":{"start":{"line":2,"column":20},"end":{"line":2,"column":null}},"2":{"start":{"line":4,"column":29},"end":{"line":31,"column":null}},"3":{"start":{"line":6,"column":4},"end":{"line":6,"column":null}},"4":{"start":{"line":6,"column":18},"end":{"line":6,"column":null}},"5":{"start":{"line":8,"column":45},"end":{"line":8,"column":null}},"6":{"start":{"line":10,"column":4},"end":{"line":14,"column":null}},"7":{"start":{"line":11,"column":6},"end":{"line":13,"column":null}},"8":{"start":{"line":12,"column":8},"end":{"line":12,"column":49}},"9":{"start":{"line":16,"column":4},"end":{"line":16,"column":null}},"10":{"start":{"line":18,"column":27},"end":{"line":28,"column":null}},"11":{"start":{"line":19,"column":4},"end":{"line":27,"column":null}},"12":{"start":{"line":20,"column":21},"end":{"line":20,"column":null}},"13":{"start":{"line":21,"column":18},"end":{"line":21,"column":47}},"14":{"start":{"line":22,"column":18},"end":{"line":22,"column":null}},"15":{"start":{"line":23,"column":23},"end":{"line":23,"column":null}},"16":{"start":{"line":24,"column":6},"end":{"line":24,"column":null}},"17":{"start":{"line":26,"column":6},"end":{"line":26,"column":null}},"18":{"start":{"line":30,"column":2},"end":{"line":30,"column":null}}},"fnMap":{"0":{"name":"(anonymous_1)","decl":{"start":{"line":4,"column":29},"end":{"line":4,"column":null}},"loc":{"start":{"line":4,"column":29},"end":{"line":31,"column":null}}},"1":{"name":"toQueryParams","decl":{"start":{"line":5,"column":11},"end":{"line":5,"column":25}},"loc":{"start":{"line":5,"column":50},"end":{"line":17,"column":null}}},"2":{"name":"(anonymous_3)","decl":{"start":{"line":18,"column":27},"end":{"line":18,"column":34}},"loc":{"start":{"line":18,"column":34},"end":{"line":28,"column":null}}}},"branchMap":{"0":{"loc":{"start":{"line":6,"column":4},"end":{"line":6,"column":null}},"type":"if","locations":[{"start":{"line":6,"column":4},"end":{"line":6,"column":null}},{"start":{},"end":{}}]},"1":{"loc":{"start":{"line":11,"column":6},"end":{"line":13,"column":null}},"type":"if","locations":[{"start":{"line":11,"column":6},"end":{"line":13,"column":null}},{"start":{},"end":{}}]},"2":{"loc":{"start":{"line":11,"column":10},"end":{"line":11,"column":49}},"type":"binary-expr","locations":[{"start":{"line":11,"column":10},"end":{"line":11,"column":33}},{"start":{"line":11,"column":33},"end":{"line":11,"column":49}}]},"3":{"loc":{"start":{"line":24,"column":13},"end":{"line":24,"column":75}},"type":"binary-expr","locations":[{"start":{"line":24,"column":13},"end":{"line":24,"column":41}},{"start":{"line":24,"column":41},"end":{"line":24,"column":56}},{"start":{"line":24,"column":60},"end":{"line":24,"column":73}},{"start":{"line":24,"column":73},"end":{"line":24,"column":75}}]}},"s":{"0":8,"1":13,"2":13,"3":4,"4":2,"5":2,"6":2,"7":2,"8":2,"9":2,"10":8,"11":4,"12":4,"13":4,"14":4,"15":4,"16":3,"17":1,"18":8},"f":{"0":8,"1":4,"2":4},"b":{"0":[2,2],"1":[2,0],"2":[2,2],"3":[3,1,0,1]}}
,"C:\\Users\\osval\\OneDrive\\Escritorio\\next\\rickandmorty\\app\\hooks\\useScroll.tsx": {"path":"C:\\Users\\osval\\OneDrive\\Escritorio\\next\\rickandmorty\\app\\hooks\\useScroll.tsx","statementMap":{"0":{"start":{"line":5,"column":13},"end":{"line":5,"column":25}},"1":{"start":{"line":1,"column":25},"end":{"line":1,"column":null}},"2":{"start":{"line":2,"column":34},"end":{"line":2,"column":null}},"3":{"start":{"line":5,"column":25},"end":{"line":17,"column":null}},"4":{"start":{"line":6,"column":24},"end":{"line":6,"column":null}},"5":{"start":{"line":7,"column":26},"end":{"line":15,"column":null}},"6":{"start":{"line":8,"column":22},"end":{"line":8,"column":null}},"7":{"start":{"line":9,"column":4},"end":{"line":9,"column":null}},"8":{"start":{"line":9,"column":20},"end":{"line":9,"column":null}},"9":{"start":{"line":10,"column":25},"end":{"line":10,"column":null}},"10":{"start":{"line":11,"column":4},"end":{"line":14,"column":null}},"11":{"start":{"line":16,"column":2},"end":{"line":16,"column":null}}},"fnMap":{"0":{"name":"(anonymous_1)","decl":{"start":{"line":5,"column":25},"end":{"line":5,"column":26}},"loc":{"start":{"line":5,"column":26},"end":{"line":17,"column":null}}},"1":{"name":"(anonymous_2)","decl":{"start":{"line":7,"column":26},"end":{"line":7,"column":27}},"loc":{"start":{"line":7,"column":27},"end":{"line":15,"column":null}}}},"branchMap":{"0":{"loc":{"start":{"line":9,"column":4},"end":{"line":9,"column":null}},"type":"if","locations":[{"start":{"line":9,"column":4},"end":{"line":9,"column":null}},{"start":{},"end":{}}]},"1":{"loc":{"start":{"line":12,"column":11},"end":{"line":12,"column":null}},"type":"cond-expr","locations":[{"start":{"line":12,"column":48},"end":{"line":12,"column":64}},{"start":{"line":12,"column":64},"end":{"line":12,"column":null}}]}},"s":{"0":2,"1":12,"2":12,"3":12,"4":2,"5":2,"6":0,"7":0,"8":0,"9":0,"10":0,"11":2},"f":{"0":2,"1":0},"b":{"0":[0,0],"1":[0,0]}}
}
