TN:
SF:app\page.tsx
FN:3,Home
FNF:1
FNH:1
FNDA:1,Home
DA:1,1
DA:3,1
LF:2
LH:2
BRF:0
BRH:0
end_of_record
TN:
SF:app\components\index.ts
FNF:0
FNH:0
DA:1,9
DA:2,9
DA:3,9
DA:4,9
DA:5,9
DA:6,9
DA:7,9
LF:7
LH:7
BRF:0
BRH:0
end_of_record
TN:
SF:app\components\ChangeCharacters\ChangeCharacters.tsx
FN:5,(anonymous_1)
FN:11,(anonymous_2)
FN:19,(anonymous_3)
FNF:3
FNH:3
FNDA:3,(anonymous_1)
FNDA:1,(anonymous_2)
FNDA:1,(anonymous_3)
DA:1,9
DA:2,9
DA:3,9
DA:5,9
DA:6,3
DA:11,1
DA:19,1
LF:7
LH:7
BRF:0
BRH:0
end_of_record
TN:
SF:app\components\ChangeCharacters\index.ts
FNF:0
FNH:0
DA:1,9
LF:1
LH:1
BRF:0
BRH:0
end_of_record
TN:
SF:app\components\CharacterCard\CharacterCard.tsx
FN:12,(anonymous_2)
FN:17,(anonymous_3)
FN:18,(anonymous_4)
FNF:3
FNH:3
FNDA:4,(anonymous_2)
FNDA:2,(anonymous_3)
FNDA:2,(anonymous_4)
DA:1,10
DA:2,10
DA:4,10
DA:5,10
DA:6,10
DA:12,10
DA:13,4
DA:15,4
DA:16,4
DA:17,4
DA:18,4
DA:19,2
DA:20,0
DA:21,2
DA:24,4
LF:15
LH:14
BRDA:18,0,0,0
BRDA:19,1,0,2
BRDA:19,1,1,0
BRDA:30,2,0,4
BRDA:30,2,1,4
BRF:5
BRH:3
end_of_record
TN:
SF:app\components\CharacterCard\index.ts
FNF:0
FNH:0
DA:1,9
LF:1
LH:1
BRF:0
BRH:0
end_of_record
TN:
SF:app\components\CharacterPresentation\CharacterPresentation.tsx
FN:15,(anonymous_2)
FNF:1
FNH:1
FNDA:2,(anonymous_2)
DA:1,9
DA:7,9
DA:8,9
DA:10,9
DA:15,9
LF:5
LH:5
BRDA:20,0,0,2
BRDA:20,0,1,1
BRDA:29,1,0,2
BRDA:29,1,1,0
BRF:4
BRH:3
end_of_record
TN:
SF:app\components\CharacterPresentation\DataPresentation.tsx
FN:7,(anonymous_1)
FNF:1
FNH:1
FNDA:2,(anonymous_1)
DA:2,8
DA:7,8
DA:9,2
LF:3
LH:3
BRDA:7,0,0,0
BRDA:12,1,0,2
BRDA:12,1,1,1
BRDA:19,2,0,2
BRDA:19,2,1,2
BRDA:23,3,0,2
BRDA:23,3,1,2
BRDA:27,4,0,2
BRDA:27,4,1,0
BRF:9
BRH:7
end_of_record
TN:
SF:app\components\CharacterPresentation\StatusCharacter.tsx
FN:4,(anonymous_1)
FNF:1
FNH:1
FNDA:2,(anonymous_1)
DA:4,8
LF:1
LH:1
BRDA:4,0,0,0
BRF:1
BRH:0
end_of_record
TN:
SF:app\components\CharacterPresentation\index.ts
FNF:0
FNH:0
DA:1,9
DA:2,9
DA:3,9
LF:3
LH:3
BRF:0
BRH:0
end_of_record
TN:
SF:app\components\FavoritesTab\FavoritesTab.tsx
FN:6,(anonymous_1)
FN:12,(anonymous_2)
FNF:2
FNH:1
FNDA:3,(anonymous_1)
FNDA:0,(anonymous_2)
DA:1,10
DA:2,10
DA:6,10
DA:7,3
DA:13,0
LF:5
LH:4
BRDA:25,0,0,3
BRF:1
BRH:1
end_of_record
TN:
SF:app\components\FavoritesTab\index.ts
FNF:0
FNH:0
DA:1,9
LF:1
LH:1
BRF:0
BRH:0
end_of_record
TN:
SF:app\components\Form\Form.tsx
FN:1,(anonymous_1)
FNF:1
FNH:1
FNDA:2,(anonymous_1)
DA:1,9
LF:1
LH:1
BRF:0
BRH:0
end_of_record
TN:
SF:app\components\Form\index.ts
FNF:0
FNH:0
DA:1,9
LF:1
LH:1
BRF:0
BRH:0
end_of_record
TN:
SF:app\components\General\InputSearch.tsx
FN:5,(anonymous_1)
FN:7,(anonymous_2)
FN:18,(anonymous_3)
FNF:3
FNH:1
FNDA:2,(anonymous_1)
FNDA:0,(anonymous_2)
FNDA:0,(anonymous_3)
DA:1,10
DA:2,10
DA:3,10
DA:5,10
DA:6,2
DA:7,2
DA:18,0
LF:7
LH:6
BRF:0
BRH:0
end_of_record
TN:
SF:app\components\General\LikeButton.tsx
FN:6,(anonymous_1)
FN:7,(anonymous_2)
FN:10,(anonymous_3)
FNF:3
FNH:2
FNDA:2,(anonymous_1)
FNDA:4,(anonymous_2)
FNDA:0,(anonymous_3)
DA:1,9
DA:6,9
DA:7,4
DA:10,0
LF:4
LH:3
BRDA:6,0,0,0
BRDA:7,1,0,2
BRDA:7,1,1,2
BRF:3
BRH:2
end_of_record
TN:
SF:app\components\General\Logo.tsx
FN:5,(anonymous_2)
FNF:1
FNH:1
FNDA:2,(anonymous_2)
DA:1,10
DA:3,10
DA:5,10
LF:3
LH:3
BRF:0
BRH:0
end_of_record
TN:
SF:app\components\General\index.ts
FNF:0
FNH:0
DA:1,10
DA:2,10
DA:3,10
LF:3
LH:3
BRF:0
BRH:0
end_of_record
TN:
SF:app\components\Scroll\Scroll.tsx
FN:9,(anonymous_1)
FN:17,(anonymous_2)
FN:29,(anonymous_3)
FNF:3
FNH:1
FNDA:2,(anonymous_1)
FNDA:0,(anonymous_2)
FNDA:0,(anonymous_3)
DA:1,9
DA:2,9
DA:3,9
DA:4,9
DA:9,9
DA:10,2
DA:11,2
DA:17,0
DA:29,0
LF:9
LH:7
BRF:0
BRH:0
end_of_record
TN:
SF:app\components\Scroll\index.ts
FNF:0
FNH:0
DA:1,9
LF:1
LH:1
BRF:0
BRH:0
end_of_record
TN:
SF:app\constants\api.ts
FNF:0
FNH:0
DA:1,14
LF:1
LH:1
BRF:0
BRH:0
end_of_record
TN:
SF:app\constants\character.ts
FNF:0
FNH:0
DA:2,14
DA:6,32
DA:20,5
DA:21,14
DA:22,19
LF:5
LH:5
BRF:0
BRH:0
end_of_record
TN:
SF:app\constants\containers.ts
FNF:0
FNH:0
DA:1,14
LF:1
LH:1
BRF:0
BRH:0
end_of_record
TN:
SF:app\constants\general.ts
FNF:0
FNH:0
DA:1,14
LF:1
LH:1
BRF:0
BRH:0
end_of_record
TN:
SF:app\constants\index.ts
FNF:0
FNH:0
DA:1,14
DA:2,14
DA:3,14
DA:4,14
DA:5,14
LF:5
LH:5
BRF:0
BRH:0
end_of_record
TN:
SF:app\constants\scroll.ts
FNF:0
FNH:0
DA:1,14
LF:1
LH:1
BRF:0
BRH:0
end_of_record
TN:
SF:app\contexts\character.context.tsx
FN:17,(anonymous_6)
FN:18,(anonymous_7)
FN:19,(anonymous_8)
FN:20,(anonymous_9)
FN:22,(anonymous_10)
FN:23,(anonymous_11)
FN:24,(anonymous_12)
FN:25,(anonymous_13)
FN:26,(anonymous_14)
FN:28,(anonymous_15)
FN:36,(anonymous_16)
FN:42,(anonymous_17)
FN:55,(anonymous_18)
FN:56,(anonymous_19)
FN:57,(anonymous_20)
FN:59,(anonymous_21)
FN:60,(anonymous_22)
FN:60,(anonymous_23)
FN:62,(anonymous_24)
FN:65,(anonymous_25)
FN:77,(anonymous_26)
FN:80,(anonymous_27)
FN:90,(anonymous_28)
FNF:23
FNH:14
FNDA:0,(anonymous_6)
FNDA:0,(anonymous_7)
FNDA:0,(anonymous_8)
FNDA:0,(anonymous_9)
FNDA:0,(anonymous_10)
FNDA:0,(anonymous_11)
FNDA:0,(anonymous_12)
FNDA:0,(anonymous_13)
FNDA:0,(anonymous_14)
FNDA:21,(anonymous_15)
FNDA:1,(anonymous_16)
FNDA:2,(anonymous_17)
FNDA:3,(anonymous_18)
FNDA:1,(anonymous_19)
FNDA:2,(anonymous_20)
FNDA:1,(anonymous_21)
FNDA:1,(anonymous_22)
FNDA:1,(anonymous_23)
FNDA:5,(anonymous_24)
FNDA:6,(anonymous_25)
FNDA:5,(anonymous_26)
FNDA:6,(anonymous_27)
FNDA:21,(anonymous_28)
DA:2,13
DA:4,13
DA:6,13
DA:11,13
DA:13,40
DA:28,13
DA:29,21
DA:30,21
DA:32,21
DA:33,21
DA:34,21
DA:36,21
DA:37,1
DA:38,1
DA:39,1
DA:40,1
DA:42,21
DA:45,2
DA:46,2
DA:47,2
DA:48,2
DA:50,1
DA:52,2
DA:55,21
DA:56,3
DA:57,3
DA:59,21
DA:60,1
DA:62,21
DA:63,5
DA:64,4
DA:65,6
DA:66,3
DA:71,2
DA:74,1
DA:77,21
DA:78,5
DA:79,4
DA:80,6
DA:81,3
DA:82,2
DA:85,1
DA:89,21
DA:90,21
LF:44
LH:44
BRDA:57,0,0,2
BRDA:57,0,1,1
BRDA:63,1,0,1
BRDA:63,1,1,4
BRDA:64,2,0,3
BRDA:64,2,1,1
BRDA:66,3,0,2
BRDA:66,3,1,1
BRDA:67,4,0,3
BRDA:67,4,1,3
BRDA:67,4,2,3
BRDA:78,5,0,1
BRDA:78,5,1,4
BRDA:79,6,0,3
BRDA:79,6,1,1
BRDA:81,7,0,2
BRDA:81,7,1,1
BRDA:81,8,0,3
BRDA:81,8,1,3
BRDA:81,8,2,3
BRF:20
BRH:20
end_of_record
TN:
SF:app\contexts\index.ts
FNF:0
FNH:0
DA:1,13
LF:1
LH:1
BRF:0
BRH:0
end_of_record
TN:
SF:app\enums\characters.ts
FNF:0
FNH:0
DA:1,12
DA:12,12
DA:17,12
LF:3
LH:3
BRF:0
BRH:0
end_of_record
TN:
SF:app\enums\index.ts
FNF:0
FNH:0
DA:1,12
DA:2,12
LF:2
LH:2
BRF:0
BRH:0
end_of_record
TN:
SF:app\enums\scroll.enum.ts
FNF:0
FNH:0
DA:1,14
LF:1
LH:1
BRF:0
BRH:0
end_of_record
TN:
SF:app\exam\page.tsx
FN:16,(anonymous_1)
FN:20,(anonymous_2)
FN:23,(anonymous_3)
FN:40,(anonymous_4)
FNF:4
FNH:4
FNDA:1,(anonymous_1)
FNDA:1,(anonymous_2)
FNDA:1,(anonymous_3)
FNDA:1,(anonymous_4)
DA:2,1
DA:4,1
DA:13,1
DA:14,1
DA:16,1
DA:18,1
DA:20,1
DA:21,1
DA:23,1
DA:24,1
DA:41,1
DA:54,1
LF:12
LH:12
BRDA:35,0,0,1
BRDA:35,0,1,1
BRDA:43,1,0,1
BRDA:44,2,0,1
BRF:4
BRH:4
end_of_record
TN:
SF:app\hooks\index.ts
FNF:0
FNH:0
DA:1,12
DA:2,12
LF:2
LH:2
BRF:0
BRH:0
end_of_record
TN:
SF:app\hooks\useCharacters.ts
FN:4,(anonymous_1)
FN:5,toQueryParams
FN:18,(anonymous_3)
FNF:3
FNH:3
FNDA:8,(anonymous_1)
FNDA:4,toQueryParams
FNDA:4,(anonymous_3)
DA:2,13
DA:4,13
DA:6,4
DA:8,2
DA:10,2
DA:11,2
DA:12,2
DA:16,2
DA:18,8
DA:19,4
DA:20,4
DA:21,4
DA:22,4
DA:23,4
DA:24,3
DA:26,1
DA:30,8
LF:17
LH:17
BRDA:6,0,0,2
BRDA:6,0,1,2
BRDA:11,1,0,2
BRDA:11,1,1,0
BRDA:11,2,0,2
BRDA:11,2,1,2
BRDA:24,3,0,3
BRDA:24,3,1,1
BRDA:24,3,2,0
BRDA:24,3,3,1
BRF:10
BRH:8
end_of_record
TN:
SF:app\hooks\useScroll.tsx
FN:5,(anonymous_1)
FN:7,(anonymous_2)
FNF:2
FNH:1
FNDA:2,(anonymous_1)
FNDA:0,(anonymous_2)
DA:1,12
DA:2,12
DA:5,12
DA:6,2
DA:7,2
DA:8,0
DA:9,0
DA:10,0
DA:11,0
DA:16,2
LF:10
LH:6
BRDA:9,0,0,0
BRDA:9,0,1,0
BRDA:12,1,0,0
BRDA:12,1,1,0
BRF:4
BRH:0
end_of_record
